2017-08-16 01:42:25.3204|3|Microsoft.AspNetCore.Hosting.Internal.WebHost|DEBUG|Hosting starting 
2017-08-16 01:42:25.5967|4|Microsoft.AspNetCore.Hosting.Internal.WebHost|DEBUG|Hosting started 
2017-08-16 01:42:25.6590|1|Microsoft.AspNetCore.Server.Kestrel|DEBUG|Connection id "0HL746T47GQMD" started. 
2017-08-16 01:42:25.6590|1|Microsoft.AspNetCore.Server.Kestrel|DEBUG|Connection id "0HL746T47GQME" started. 
2017-08-16 01:42:25.8125|1|Microsoft.AspNetCore.Hosting.Internal.WebHost|INFO|Request starting HTTP/1.1 DEBUG http://localhost:21786/  0 
2017-08-16 01:42:25.8125|1|Microsoft.AspNetCore.Hosting.Internal.WebHost|INFO|Request starting HTTP/1.1 GET http://localhost:21786/swagger/   
2017-08-16 01:42:26.0342|9|Microsoft.AspNetCore.Server.Kestrel|DEBUG|Connection id "0HL746T47GQMD" completed keep alive response. 
2017-08-16 01:42:26.0342|4|Microsoft.AspNetCore.StaticFiles.StaticFileMiddleware|DEBUG|The request path /swagger/ does not match a supported file type 
2017-08-16 01:42:26.0483|2|Microsoft.AspNetCore.Hosting.Internal.WebHost|INFO|Request finished in 305.7786ms 200  
2017-08-16 01:42:26.0758|2|Microsoft.AspNetCore.StaticFiles.StaticFileMiddleware|INFO|Sending file. Request path: '/index.html'. Physical path: 'N/A' 
2017-08-16 01:42:26.1129|9|Microsoft.AspNetCore.Server.Kestrel|DEBUG|Connection id "0HL746T47GQME" completed keep alive response. 
2017-08-16 01:42:26.1190|2|Microsoft.AspNetCore.Hosting.Internal.WebHost|INFO|Request finished in 382.0055ms 200 text/html 
2017-08-16 01:46:26.4223|3|Microsoft.AspNetCore.Hosting.Internal.WebHost|DEBUG|Hosting starting 
2017-08-16 01:46:26.6839|4|Microsoft.AspNetCore.Hosting.Internal.WebHost|DEBUG|Hosting started 
2017-08-16 01:46:26.7331|1|Microsoft.AspNetCore.Server.Kestrel|DEBUG|Connection id "0HL746VC2JELQ" started. 
2017-08-16 01:46:26.7331|1|Microsoft.AspNetCore.Server.Kestrel|DEBUG|Connection id "0HL746VC2JELR" started. 
2017-08-16 01:46:26.8894|1|Microsoft.AspNetCore.Hosting.Internal.WebHost|INFO|Request starting HTTP/1.1 GET http://localhost:21786/swagger/   
2017-08-16 01:46:26.8894|1|Microsoft.AspNetCore.Hosting.Internal.WebHost|INFO|Request starting HTTP/1.1 DEBUG http://localhost:21786/  0 
2017-08-16 01:46:27.0907|4|Microsoft.AspNetCore.StaticFiles.StaticFileMiddleware|DEBUG|The request path /swagger/ does not match a supported file type 
2017-08-16 01:46:27.0907|9|Microsoft.AspNetCore.Server.Kestrel|DEBUG|Connection id "0HL746VC2JELQ" completed keep alive response. 
2017-08-16 01:46:27.1188|2|Microsoft.AspNetCore.Hosting.Internal.WebHost|INFO|Request finished in 298.3958ms 200  
2017-08-16 01:46:27.1359|2|Microsoft.AspNetCore.StaticFiles.StaticFileMiddleware|INFO|Sending file. Request path: '/index.html'. Physical path: 'N/A' 
2017-08-16 01:46:27.1840|9|Microsoft.AspNetCore.Server.Kestrel|DEBUG|Connection id "0HL746VC2JELR" completed keep alive response. 
2017-08-16 01:46:27.1840|2|Microsoft.AspNetCore.Hosting.Internal.WebHost|INFO|Request finished in 375.5672ms 200 text/html 
2017-08-16 01:48:33.3739|3|Microsoft.AspNetCore.Hosting.Internal.WebHost|DEBUG|Hosting starting 
2017-08-16 01:48:33.6225|4|Microsoft.AspNetCore.Hosting.Internal.WebHost|DEBUG|Hosting started 
2017-08-16 01:48:33.7216|1|Microsoft.AspNetCore.Server.Kestrel|DEBUG|Connection id "0HL7470HTKK63" started. 
2017-08-16 01:48:33.7216|1|Microsoft.AspNetCore.Server.Kestrel|DEBUG|Connection id "0HL7470HTKK62" started. 
2017-08-16 01:48:33.8762|1|Microsoft.AspNetCore.Hosting.Internal.WebHost|INFO|Request starting HTTP/1.1 DEBUG http://localhost:5000/  0 
2017-08-16 01:48:33.8762|1|Microsoft.AspNetCore.Hosting.Internal.WebHost|INFO|Request starting HTTP/1.1 GET http://localhost:5000/swagger   
2017-08-16 01:48:34.0682|9|Microsoft.AspNetCore.Server.Kestrel|DEBUG|Connection id "0HL7470HTKK63" completed keep alive response. 
2017-08-16 01:48:34.0702|4|Microsoft.AspNetCore.StaticFiles.StaticFileMiddleware|DEBUG|The request path /swagger does not match a supported file type 
2017-08-16 01:48:34.0880|2|Microsoft.AspNetCore.Hosting.Internal.WebHost|INFO|Request finished in 282.0625ms 200  
2017-08-16 01:48:34.1211|9|Microsoft.AspNetCore.Server.Kestrel|DEBUG|Connection id "0HL7470HTKK62" completed keep alive response. 
2017-08-16 01:48:34.1211|2|Microsoft.AspNetCore.Hosting.Internal.WebHost|INFO|Request finished in 325.751ms 301  
2017-08-16 01:49:31.1475|3|Microsoft.AspNetCore.Hosting.Internal.WebHost|DEBUG|Hosting starting 
2017-08-16 01:49:31.3934|4|Microsoft.AspNetCore.Hosting.Internal.WebHost|DEBUG|Hosting started 
2017-08-16 01:49:45.2794|1|Microsoft.AspNetCore.Server.Kestrel|DEBUG|Connection id "0HL7471789DJ8" started. 
2017-08-16 01:49:45.4068|1|Microsoft.AspNetCore.Hosting.Internal.WebHost|INFO|Request starting HTTP/1.1 GET http://localhost:5000/   
2017-08-16 01:49:45.5308|2|Microsoft.AspNetCore.StaticFiles.StaticFileMiddleware|INFO|Sending file. Request path: '/index.html'. Physical path: 'C:\Users\dave\Source\Repos\StarterWebAPI\StarterWebAPI\wwwroot\index.html' 
2017-08-16 01:49:45.6247|9|Microsoft.AspNetCore.Server.Kestrel|DEBUG|Connection id "0HL7471789DJ8" completed keep alive response. 
2017-08-16 01:49:45.6588|2|Microsoft.AspNetCore.Hosting.Internal.WebHost|INFO|Request finished in 266.8899ms 200 text/html 
2017-08-16 01:49:45.8618|1|Microsoft.AspNetCore.Hosting.Internal.WebHost|INFO|Request starting HTTP/1.1 GET http://localhost:5000/favicon.ico   
2017-08-16 01:49:45.8717|5|Microsoft.AspNetCore.StaticFiles.StaticFileMiddleware|DEBUG|The request path /favicon.ico does not match an existing file 
2017-08-16 01:49:45.8904|3|Microsoft.AspNetCore.StaticFiles.StaticFileMiddleware|DEBUG|The request path  does not match the path filter 
2017-08-16 01:49:46.0899|1|Microsoft.AspNetCore.Builder.RouterMiddleware|DEBUG|Request did not match any routes. 
2017-08-16 01:49:46.1014|9|Microsoft.AspNetCore.Server.Kestrel|DEBUG|Connection id "0HL7471789DJ8" completed keep alive response. 
2017-08-16 01:49:46.1014|2|Microsoft.AspNetCore.Hosting.Internal.WebHost|INFO|Request finished in 259.692ms 404  
2017-08-16 01:49:55.8335|1|Microsoft.AspNetCore.Hosting.Internal.WebHost|INFO|Request starting HTTP/1.1 GET http://localhost:5000/swagger   
2017-08-16 01:49:55.8380|4|Microsoft.AspNetCore.StaticFiles.StaticFileMiddleware|DEBUG|The request path /swagger does not match a supported file type 
2017-08-16 01:49:55.8380|9|Microsoft.AspNetCore.Server.Kestrel|DEBUG|Connection id "0HL7471789DJ8" completed keep alive response. 
2017-08-16 01:49:55.8518|2|Microsoft.AspNetCore.Hosting.Internal.WebHost|INFO|Request finished in 20.1022ms 301  
2017-08-16 01:49:55.8518|1|Microsoft.AspNetCore.Hosting.Internal.WebHost|INFO|Request starting HTTP/1.1 GET http://localhost:5000/swagger/   
2017-08-16 01:49:55.8668|4|Microsoft.AspNetCore.StaticFiles.StaticFileMiddleware|DEBUG|The request path /swagger/ does not match a supported file type 
2017-08-16 01:49:55.8668|2|Microsoft.AspNetCore.StaticFiles.StaticFileMiddleware|INFO|Sending file. Request path: '/index.html'. Physical path: 'N/A' 
2017-08-16 01:49:55.8668|9|Microsoft.AspNetCore.Server.Kestrel|DEBUG|Connection id "0HL7471789DJ8" completed keep alive response. 
2017-08-16 01:49:55.8888|2|Microsoft.AspNetCore.Hosting.Internal.WebHost|INFO|Request finished in 25.813ms 200 text/html 
2017-08-16 01:49:55.9801|1|Microsoft.AspNetCore.Server.Kestrel|DEBUG|Connection id "0HL7471789DJA" started. 
2017-08-16 01:49:55.9801|1|Microsoft.AspNetCore.Hosting.Internal.WebHost|INFO|Request starting HTTP/1.1 GET http://localhost:5000/swagger/css/typography.css   
2017-08-16 01:49:56.0062|1|Microsoft.AspNetCore.Server.Kestrel|DEBUG|Connection id "0HL7471789DJB" started. 
2017-08-16 01:49:56.0303|1|Microsoft.AspNetCore.Server.Kestrel|DEBUG|Connection id "0HL7471789DJ9" started. 
2017-08-16 01:49:56.0796|5|Microsoft.AspNetCore.StaticFiles.StaticFileMiddleware|DEBUG|The request path /swagger/css/typography.css does not match an existing file 
2017-08-16 01:49:56.1027|1|Microsoft.AspNetCore.Hosting.Internal.WebHost|INFO|Request starting HTTP/1.1 GET http://localhost:5000/swagger/css/screen.css   
2017-08-16 01:49:56.2466|1|Microsoft.AspNetCore.Server.Kestrel|DEBUG|Connection id "0HL7471789DJD" started. 
2017-08-16 01:49:56.1315|1|Microsoft.AspNetCore.Server.Kestrel|DEBUG|Connection id "0HL7471789DJC" started. 
2017-08-16 01:49:56.2740|5|Microsoft.AspNetCore.StaticFiles.StaticFileMiddleware|DEBUG|The request path /swagger/css/screen.css does not match an existing file 
2017-08-16 01:49:56.3271|1|Microsoft.AspNetCore.Hosting.Internal.WebHost|INFO|Request starting HTTP/1.1 GET http://localhost:5000/swagger/lib/object-assign-pollyfill.js   
2017-08-16 01:49:56.3271|1|Microsoft.AspNetCore.Hosting.Internal.WebHost|INFO|Request starting HTTP/1.1 GET http://localhost:5000/swagger/css/reset.css   
2017-08-16 01:49:56.3984|1|Microsoft.AspNetCore.Hosting.Internal.WebHost|INFO|Request starting HTTP/1.1 GET http://localhost:5000/swagger/lib/jquery.slideto.min.js   
2017-08-16 01:49:56.4451|2|Microsoft.AspNetCore.StaticFiles.StaticFileMiddleware|INFO|Sending file. Request path: '/css/typography.css'. Physical path: 'N/A' 
2017-08-16 01:49:56.4680|5|Microsoft.AspNetCore.StaticFiles.StaticFileMiddleware|DEBUG|The request path /swagger/css/reset.css does not match an existing file 
2017-08-16 01:49:56.5114|5|Microsoft.AspNetCore.StaticFiles.StaticFileMiddleware|DEBUG|The request path /swagger/lib/jquery.slideto.min.js does not match an existing file 
2017-08-16 01:49:56.5386|9|Microsoft.AspNetCore.Server.Kestrel|DEBUG|Connection id "0HL7471789DJ8" completed keep alive response. 
2017-08-16 01:49:56.5869|2|Microsoft.AspNetCore.StaticFiles.StaticFileMiddleware|INFO|Sending file. Request path: '/css/reset.css'. Physical path: 'N/A' 
2017-08-16 01:49:56.3526|2|Microsoft.AspNetCore.StaticFiles.StaticFileMiddleware|INFO|Sending file. Request path: '/css/screen.css'. Physical path: 'N/A' 
2017-08-16 01:49:56.4194|5|Microsoft.AspNetCore.StaticFiles.StaticFileMiddleware|DEBUG|The request path /swagger/lib/object-assign-pollyfill.js does not match an existing file 
2017-08-16 01:49:56.4891|1|Microsoft.AspNetCore.Hosting.Internal.WebHost|INFO|Request starting HTTP/1.1 GET http://localhost:5000/swagger/lib/jquery-1.8.0.min.js   
2017-08-16 01:49:56.6580|2|Microsoft.AspNetCore.Hosting.Internal.WebHost|INFO|Request finished in 632.3319ms 200 text/css 
2017-08-16 01:49:56.5869|2|Microsoft.AspNetCore.StaticFiles.StaticFileMiddleware|INFO|Sending file. Request path: '/lib/jquery.slideto.min.js'. Physical path: 'N/A' 
2017-08-16 01:49:56.7536|2|Microsoft.AspNetCore.StaticFiles.StaticFileMiddleware|INFO|Sending file. Request path: '/lib/object-assign-pollyfill.js'. Physical path: 'N/A' 
2017-08-16 01:49:56.7999|9|Microsoft.AspNetCore.Server.Kestrel|DEBUG|Connection id "0HL7471789DJD" completed keep alive response. 
2017-08-16 01:49:56.6356|9|Microsoft.AspNetCore.Server.Kestrel|DEBUG|Connection id "0HL7471789DJ9" completed keep alive response. 
2017-08-16 01:49:56.7096|9|Microsoft.AspNetCore.Server.Kestrel|DEBUG|Connection id "0HL7471789DJA" completed keep alive response. 
2017-08-16 01:49:56.7315|5|Microsoft.AspNetCore.StaticFiles.StaticFileMiddleware|DEBUG|The request path /swagger/lib/jquery-1.8.0.min.js does not match an existing file 
2017-08-16 01:49:56.8460|9|Microsoft.AspNetCore.Server.Kestrel|DEBUG|Connection id "0HL7471789DJB" completed keep alive response. 
2017-08-16 01:49:56.8220|1|Microsoft.AspNetCore.Hosting.Internal.WebHost|INFO|Request starting HTTP/1.1 GET http://localhost:5000/swagger/lib/jquery.wiggle.min.js   
2017-08-16 01:49:56.8936|2|Microsoft.AspNetCore.Hosting.Internal.WebHost|INFO|Request finished in 573.6378ms 200 application/javascript 
2017-08-16 01:49:56.9639|5|Microsoft.AspNetCore.StaticFiles.StaticFileMiddleware|DEBUG|The request path /swagger/lib/jquery.wiggle.min.js does not match an existing file 
2017-08-16 01:49:57.0090|2|Microsoft.AspNetCore.Hosting.Internal.WebHost|INFO|Request finished in 765.4226ms 200 text/css 
2017-08-16 01:49:57.0791|2|Microsoft.AspNetCore.StaticFiles.StaticFileMiddleware|INFO|Sending file. Request path: '/lib/jquery-1.8.0.min.js'. Physical path: 'N/A' 
2017-08-16 01:49:57.1052|1|Microsoft.AspNetCore.Hosting.Internal.WebHost|INFO|Request starting HTTP/1.1 GET http://localhost:5000/swagger/lib/lodash.min.js   
2017-08-16 01:49:57.1273|2|Microsoft.AspNetCore.Hosting.Internal.WebHost|INFO|Request finished in 862.9394ms 200 text/css 
2017-08-16 01:49:57.1498|2|Microsoft.AspNetCore.StaticFiles.StaticFileMiddleware|INFO|Sending file. Request path: '/lib/jquery.wiggle.min.js'. Physical path: 'N/A' 
2017-08-16 01:49:57.2414|1|Microsoft.AspNetCore.Hosting.Internal.WebHost|INFO|Request starting HTTP/1.1 GET http://localhost:5000/swagger/lib/jquery.ba-bbq.min.js   
2017-08-16 01:49:57.2414|9|Microsoft.AspNetCore.Server.Kestrel|DEBUG|Connection id "0HL7471789DJ8" completed keep alive response. 
2017-08-16 01:49:57.2736|5|Microsoft.AspNetCore.StaticFiles.StaticFileMiddleware|DEBUG|The request path /swagger/lib/jquery.ba-bbq.min.js does not match an existing file 
2017-08-16 01:49:57.1944|2|Microsoft.AspNetCore.Hosting.Internal.WebHost|INFO|Request finished in 785.0314ms 200 application/javascript 
2017-08-16 01:49:57.3480|2|Microsoft.AspNetCore.Hosting.Internal.WebHost|INFO|Request finished in 499.0677ms 200 application/javascript 
2017-08-16 01:49:57.3991|9|Microsoft.AspNetCore.Server.Kestrel|DEBUG|Connection id "0HL7471789DJC" completed keep alive response. 
2017-08-16 01:49:57.4243|1|Microsoft.AspNetCore.Hosting.Internal.WebHost|INFO|Request starting HTTP/1.1 GET http://localhost:5000/swagger/lib/backbone-min.js   
2017-08-16 01:49:57.4506|1|Microsoft.AspNetCore.Hosting.Internal.WebHost|INFO|Request starting HTTP/1.1 GET http://localhost:5000/swagger/swagger-ui.min.js   
2017-08-16 01:49:57.3729|2|Microsoft.AspNetCore.StaticFiles.StaticFileMiddleware|INFO|Sending file. Request path: '/lib/jquery.ba-bbq.min.js'. Physical path: 'N/A' 
2017-08-16 01:49:57.2156|5|Microsoft.AspNetCore.StaticFiles.StaticFileMiddleware|DEBUG|The request path /swagger/lib/lodash.min.js does not match an existing file 
2017-08-16 01:49:57.4864|2|Microsoft.AspNetCore.Hosting.Internal.WebHost|INFO|Request finished in 1148.3467ms 200 application/javascript 
2017-08-16 01:49:57.2736|1|Microsoft.AspNetCore.Hosting.Internal.WebHost|INFO|Request starting HTTP/1.1 GET http://localhost:5000/swagger/lib/handlebars-4.0.5.js   
2017-08-16 01:49:57.5317|5|Microsoft.AspNetCore.StaticFiles.StaticFileMiddleware|DEBUG|The request path /swagger/swagger-ui.min.js does not match an existing file 
2017-08-16 01:49:57.6066|2|Microsoft.AspNetCore.StaticFiles.StaticFileMiddleware|INFO|Sending file. Request path: '/lib/lodash.min.js'. Physical path: 'N/A' 
2017-08-16 01:49:57.6513|1|Microsoft.AspNetCore.Hosting.Internal.WebHost|INFO|Request starting HTTP/1.1 GET http://localhost:5000/swagger/lib/highlight.9.1.0.pack.js   
2017-08-16 01:49:57.6757|2|Microsoft.AspNetCore.StaticFiles.StaticFileMiddleware|INFO|Sending file. Request path: '/swagger-ui.min.js'. Physical path: 'N/A' 
2017-08-16 01:49:57.6298|5|Microsoft.AspNetCore.StaticFiles.StaticFileMiddleware|DEBUG|The request path /swagger/lib/handlebars-4.0.5.js does not match an existing file 
2017-08-16 01:49:57.5086|5|Microsoft.AspNetCore.StaticFiles.StaticFileMiddleware|DEBUG|The request path /swagger/lib/backbone-min.js does not match an existing file 
2017-08-16 01:49:57.6989|9|Microsoft.AspNetCore.Server.Kestrel|DEBUG|Connection id "0HL7471789DJD" completed keep alive response. 
2017-08-16 01:49:57.7230|5|Microsoft.AspNetCore.StaticFiles.StaticFileMiddleware|DEBUG|The request path /swagger/lib/highlight.9.1.0.pack.js does not match an existing file 
2017-08-16 01:49:57.5576|9|Microsoft.AspNetCore.Server.Kestrel|DEBUG|Connection id "0HL7471789DJ9" completed keep alive response. 
2017-08-16 01:49:57.7977|2|Microsoft.AspNetCore.StaticFiles.StaticFileMiddleware|INFO|Sending file. Request path: '/lib/backbone-min.js'. Physical path: 'N/A' 
2017-08-16 01:49:57.8485|2|Microsoft.AspNetCore.Hosting.Internal.WebHost|INFO|Request finished in 715.9084ms 200 application/javascript 
2017-08-16 01:49:57.8791|2|Microsoft.AspNetCore.StaticFiles.StaticFileMiddleware|INFO|Sending file. Request path: '/lib/handlebars-4.0.5.js'. Physical path: 'N/A' 
2017-08-16 01:49:57.9022|9|Microsoft.AspNetCore.Server.Kestrel|DEBUG|Connection id "0HL7471789DJ8" completed keep alive response. 
2017-08-16 01:49:57.8791|9|Microsoft.AspNetCore.Server.Kestrel|DEBUG|Connection id "0HL7471789DJB" completed keep alive response. 
2017-08-16 01:49:57.9710|2|Microsoft.AspNetCore.StaticFiles.StaticFileMiddleware|INFO|Sending file. Request path: '/lib/highlight.9.1.0.pack.js'. Physical path: 'N/A' 
2017-08-16 01:49:57.9955|2|Microsoft.AspNetCore.Hosting.Internal.WebHost|INFO|Request finished in 719.045ms 200 application/javascript 
2017-08-16 01:49:58.0702|1|Microsoft.AspNetCore.Hosting.Internal.WebHost|INFO|Request starting HTTP/1.1 GET http://localhost:5000/swagger/lib/jsoneditor.min.js   
2017-08-16 01:49:58.0942|9|Microsoft.AspNetCore.Server.Kestrel|DEBUG|Connection id "0HL7471789DJA" completed keep alive response. 
2017-08-16 01:49:58.1193|5|Microsoft.AspNetCore.StaticFiles.StaticFileMiddleware|DEBUG|The request path /swagger/lib/jsoneditor.min.js does not match an existing file 
2017-08-16 01:49:58.1449|9|Microsoft.AspNetCore.Server.Kestrel|DEBUG|Connection id "0HL7471789DJC" completed keep alive response. 
2017-08-16 01:49:58.1684|2|Microsoft.AspNetCore.Hosting.Internal.WebHost|INFO|Request finished in 525.7194ms 200 application/javascript 
2017-08-16 01:49:58.1449|2|Microsoft.AspNetCore.Hosting.Internal.WebHost|INFO|Request finished in 620.9479ms 200 application/javascript 
2017-08-16 01:49:58.1925|2|Microsoft.AspNetCore.Hosting.Internal.WebHost|INFO|Request finished in 880.0247ms 200 application/javascript 
2017-08-16 01:49:58.2667|2|Microsoft.AspNetCore.Hosting.Internal.WebHost|INFO|Request finished in 587.0064ms 200 application/javascript 
2017-08-16 01:49:58.2908|2|Microsoft.AspNetCore.StaticFiles.StaticFileMiddleware|INFO|Sending file. Request path: '/lib/jsoneditor.min.js'. Physical path: 'N/A' 
2017-08-16 01:49:58.2908|1|Microsoft.AspNetCore.Hosting.Internal.WebHost|INFO|Request starting HTTP/1.1 GET http://localhost:5000/swagger/lib/highlight.9.1.0.pack_extended.js   
2017-08-16 01:49:58.2908|5|Microsoft.AspNetCore.StaticFiles.StaticFileMiddleware|DEBUG|The request path /swagger/lib/highlight.9.1.0.pack_extended.js does not match an existing file 
2017-08-16 01:49:58.3098|9|Microsoft.AspNetCore.Server.Kestrel|DEBUG|Connection id "0HL7471789DJD" completed keep alive response. 
2017-08-16 01:49:58.3803|2|Microsoft.AspNetCore.StaticFiles.StaticFileMiddleware|INFO|Sending file. Request path: '/lib/highlight.9.1.0.pack_extended.js'. Physical path: 'N/A' 
2017-08-16 01:49:58.3822|1|Microsoft.AspNetCore.Hosting.Internal.WebHost|INFO|Request starting HTTP/1.1 GET http://localhost:5000/swagger/lib/swagger-oauth.js   
2017-08-16 01:49:58.4285|2|Microsoft.AspNetCore.Hosting.Internal.WebHost|INFO|Request finished in 388.3916ms 200 application/javascript 
2017-08-16 01:49:58.4511|9|Microsoft.AspNetCore.Server.Kestrel|DEBUG|Connection id "0HL7471789DJ9" completed keep alive response. 
2017-08-16 01:49:58.4727|5|Microsoft.AspNetCore.StaticFiles.StaticFileMiddleware|DEBUG|The request path /swagger/lib/swagger-oauth.js does not match an existing file 
2017-08-16 01:49:58.4052|1|Microsoft.AspNetCore.Hosting.Internal.WebHost|INFO|Request starting HTTP/1.1 GET http://localhost:5000/swagger/lib/marked.js   
2017-08-16 01:49:58.5257|2|Microsoft.AspNetCore.StaticFiles.StaticFileMiddleware|INFO|Sending file. Request path: '/lib/swagger-oauth.js'. Physical path: 'N/A' 
2017-08-16 01:49:58.5257|5|Microsoft.AspNetCore.StaticFiles.StaticFileMiddleware|DEBUG|The request path /swagger/lib/marked.js does not match an existing file 
2017-08-16 01:49:58.5046|2|Microsoft.AspNetCore.Hosting.Internal.WebHost|INFO|Request finished in 447.4289ms 200 application/javascript 
2017-08-16 01:49:58.5523|9|Microsoft.AspNetCore.Server.Kestrel|DEBUG|Connection id "0HL7471789DJ8" completed keep alive response. 
2017-08-16 01:49:58.6218|2|Microsoft.AspNetCore.StaticFiles.StaticFileMiddleware|INFO|Sending file. Request path: '/lib/marked.js'. Physical path: 'N/A' 
2017-08-16 01:49:58.6473|9|Microsoft.AspNetCore.Server.Kestrel|DEBUG|Connection id "0HL7471789DJB" completed keep alive response. 
2017-08-16 01:49:58.6498|2|Microsoft.AspNetCore.Hosting.Internal.WebHost|INFO|Request finished in 332.197ms 200 application/javascript 
2017-08-16 01:49:58.7015|2|Microsoft.AspNetCore.Hosting.Internal.WebHost|INFO|Request finished in 337.0165ms 200 application/javascript 
2017-08-16 01:49:58.7356|1|Microsoft.AspNetCore.Hosting.Internal.WebHost|INFO|Request starting HTTP/1.1 GET http://localhost:5000/swagger/images/logo_small.png   
2017-08-16 01:49:58.7692|1|Microsoft.AspNetCore.Hosting.Internal.WebHost|INFO|Request starting HTTP/1.1 GET http://localhost:5000/swagger/v1/swagger.json   
2017-08-16 01:49:58.7742|5|Microsoft.AspNetCore.StaticFiles.StaticFileMiddleware|DEBUG|The request path /swagger/images/logo_small.png does not match an existing file 
2017-08-16 01:49:58.7742|1|Microsoft.AspNetCore.Hosting.Internal.WebHost|INFO|Request starting HTTP/1.1 GET http://localhost:5000/swagger/css/print.css   
2017-08-16 01:49:58.7742|5|Microsoft.AspNetCore.StaticFiles.StaticFileMiddleware|DEBUG|The request path /swagger/v1/swagger.json does not match an existing file 
2017-08-16 01:49:58.8044|2|Microsoft.AspNetCore.StaticFiles.StaticFileMiddleware|INFO|Sending file. Request path: '/images/logo_small.png'. Physical path: 'N/A' 
2017-08-16 01:49:58.8264|5|Microsoft.AspNetCore.StaticFiles.StaticFileMiddleware|DEBUG|The request path /swagger/css/print.css does not match an existing file 
2017-08-16 01:49:58.8514|9|Microsoft.AspNetCore.Server.Kestrel|DEBUG|Connection id "0HL7471789DJ8" completed keep alive response. 
2017-08-16 01:49:58.8803|2|Microsoft.AspNetCore.StaticFiles.StaticFileMiddleware|INFO|Sending file. Request path: '/css/print.css'. Physical path: 'N/A' 
2017-08-16 01:49:58.8823|2|Microsoft.AspNetCore.Hosting.Internal.WebHost|INFO|Request finished in 174.6626ms 200 image/png 
2017-08-16 01:49:58.8823|9|Microsoft.AspNetCore.Server.Kestrel|DEBUG|Connection id "0HL7471789DJB" completed keep alive response. 
2017-08-16 01:49:58.8974|2|Microsoft.AspNetCore.Hosting.Internal.WebHost|INFO|Request finished in 146.8249ms 200 text/css 
2017-08-16 01:49:58.8974|1|Microsoft.AspNetCore.Hosting.Internal.WebHost|INFO|Request starting HTTP/1.1 GET http://localhost:5000/swagger/images/favicon-32x32.png   
2017-08-16 01:49:58.9154|5|Microsoft.AspNetCore.StaticFiles.StaticFileMiddleware|DEBUG|The request path /swagger/images/favicon-32x32.png does not match an existing file 
2017-08-16 01:49:58.9154|2|Microsoft.AspNetCore.StaticFiles.StaticFileMiddleware|INFO|Sending file. Request path: '/images/favicon-32x32.png'. Physical path: 'N/A' 
2017-08-16 01:49:58.9154|9|Microsoft.AspNetCore.Server.Kestrel|DEBUG|Connection id "0HL7471789DJB" completed keep alive response. 
2017-08-16 01:49:58.9325|2|Microsoft.AspNetCore.Hosting.Internal.WebHost|INFO|Request finished in 21.0135ms 200 image/png 
2017-08-16 01:49:58.9325|1|Microsoft.AspNetCore.Hosting.Internal.WebHost|INFO|Request starting HTTP/1.1 GET http://localhost:5000/swagger/images/favicon-16x16.png   
2017-08-16 01:49:58.9453|5|Microsoft.AspNetCore.StaticFiles.StaticFileMiddleware|DEBUG|The request path /swagger/images/favicon-16x16.png does not match an existing file 
2017-08-16 01:49:58.9453|2|Microsoft.AspNetCore.StaticFiles.StaticFileMiddleware|INFO|Sending file. Request path: '/images/favicon-16x16.png'. Physical path: 'N/A' 
2017-08-16 01:49:58.9453|9|Microsoft.AspNetCore.Server.Kestrel|DEBUG|Connection id "0HL7471789DJB" completed keep alive response. 
2017-08-16 01:49:58.9633|2|Microsoft.AspNetCore.Hosting.Internal.WebHost|INFO|Request finished in 21.4434ms 200 image/png 
2017-08-16 01:49:59.5328|9|Microsoft.AspNetCore.Server.Kestrel|DEBUG|Connection id "0HL7471789DJ9" completed keep alive response. 
2017-08-16 01:49:59.5443|2|Microsoft.AspNetCore.Hosting.Internal.WebHost|INFO|Request finished in 836.9802ms 200 application/json 
2017-08-16 01:50:02.5868|1|Microsoft.AspNetCore.Hosting.Internal.WebHost|INFO|Request starting HTTP/1.1 GET http://localhost:5000/swagger/images/throbber.gif   
2017-08-16 01:50:02.5868|5|Microsoft.AspNetCore.StaticFiles.StaticFileMiddleware|DEBUG|The request path /swagger/images/throbber.gif does not match an existing file 
2017-08-16 01:50:02.6048|2|Microsoft.AspNetCore.StaticFiles.StaticFileMiddleware|INFO|Sending file. Request path: '/images/throbber.gif'. Physical path: 'N/A' 
2017-08-16 01:50:02.6178|9|Microsoft.AspNetCore.Server.Kestrel|DEBUG|Connection id "0HL7471789DJ9" completed keep alive response. 
2017-08-16 01:50:02.6319|2|Microsoft.AspNetCore.Hosting.Internal.WebHost|INFO|Request finished in 45.5243ms 200 image/gif 
2017-08-16 01:50:14.1909|1|Microsoft.AspNetCore.Hosting.Internal.WebHost|INFO|Request starting HTTP/1.1 POST http://localhost:5000/api/Auth/login application/json 45 
2017-08-16 01:50:14.1909|1|Microsoft.AspNetCore.StaticFiles.StaticFileMiddleware|DEBUG|POST requests are not supported 
2017-08-16 01:50:14.1980|1|Microsoft.AspNetCore.StaticFiles.StaticFileMiddleware|DEBUG|POST requests are not supported 
2017-08-16 01:50:14.1980|1|Microsoft.AspNetCore.Routing.Tree.TreeRouter|DEBUG|Request successfully matched the route with name '(null)' and template 'api/Auth/login'. 
2017-08-16 01:50:14.3053|1|Microsoft.AspNetCore.Mvc.Internal.ControllerActionInvoker|DEBUG|Executing action StarterWebAPI.Controllers.AuthController.Post (StarterWebAPI) 
2017-08-16 01:50:14.4731|0|Microsoft.Extensions.DependencyInjection.DataProtectionServices|INFO|User profile is available. Using 'C:\Users\dave\AppData\Local\ASP.NET\DataProtection-Keys' as key repository and Windows DPAPI to encrypt keys at rest. 
2017-08-16 01:50:14.5046|2|Microsoft.AspNetCore.Mvc.Internal.ControllerActionInvoker|INFO|Executed action StarterWebAPI.Controllers.AuthController.Post (StarterWebAPI) in 186.7712ms 
2017-08-16 01:50:14.6310|0|Microsoft.AspNetCore.Diagnostics.ExceptionHandlerMiddleware|ERROR|An unhandled exception has occurred: Unable to resolve service for type 'StarterWebAPI.Identity.IJwtFactory' while attempting to activate 'StarterWebAPI.Controllers.AuthController'. Unable to resolve service for type 'StarterWebAPI.Identity.IJwtFactory' while attempting to activate 'StarterWebAPI.Controllers.AuthController'.
2017-08-16 01:50:14.6716|500|Global Exception Logger|ERROR|Unable to resolve service for type 'StarterWebAPI.Identity.IJwtFactory' while attempting to activate 'StarterWebAPI.Controllers.AuthController'. Unable to resolve service for type 'StarterWebAPI.Identity.IJwtFactory' while attempting to activate 'StarterWebAPI.Controllers.AuthController'.
2017-08-16 01:50:14.7363|9|Microsoft.AspNetCore.Server.Kestrel|DEBUG|Connection id "0HL7471789DJ9" completed keep alive response. 
2017-08-16 01:50:14.7493|2|Microsoft.AspNetCore.Hosting.Internal.WebHost|INFO|Request finished in 558.3814ms 500 text/plain 
2017-08-16 01:50:51.3349|1|Microsoft.AspNetCore.Hosting.Internal.WebHost|INFO|Request starting HTTP/1.1 POST http://localhost:5000/api/Accounts application/json 104 
2017-08-16 01:50:51.3349|1|Microsoft.AspNetCore.StaticFiles.StaticFileMiddleware|DEBUG|POST requests are not supported 
2017-08-16 01:50:51.3349|1|Microsoft.AspNetCore.StaticFiles.StaticFileMiddleware|DEBUG|POST requests are not supported 
2017-08-16 01:50:51.3349|1|Microsoft.AspNetCore.Routing.Tree.TreeRouter|DEBUG|Request successfully matched the route with name '(null)' and template 'api/Accounts'. 
2017-08-16 01:50:51.3565|1|Microsoft.AspNetCore.Mvc.Internal.ControllerActionInvoker|DEBUG|Executing action StarterWebAPI.Controllers.AccountsController.Post (StarterWebAPI) 
2017-08-16 01:50:51.4681|1|Microsoft.AspNetCore.Mvc.ModelBinding.Binders.BodyModelBinder|DEBUG|Selected input formatter 'Microsoft.AspNetCore.Mvc.Formatters.JsonInputFormatter' for content type 'application/json'. 
2017-08-16 01:50:51.5659|1|Microsoft.AspNetCore.Mvc.Internal.ControllerActionInvoker|INFO|Executing action method StarterWebAPI.Controllers.AccountsController.Post (StarterWebAPI) with arguments (StarterWebAPI.Dtos.RegistrationDto) - ModelState is Valid 
2017-08-16 01:50:52.4619|2|Microsoft.EntityFrameworkCore.Query.Internal.SqlServerQueryCompilationContextFactory|DEBUG|Compiling query model: 
'(from AppUser u in DbSet<AppUser>
where u.NormalizedUserName == __normalizedUserName_0
select u)
.FirstOrDefault()' 
2017-08-16 01:50:52.4950|3|Microsoft.EntityFrameworkCore.Query.Internal.SqlServerQueryCompilationContextFactory|DEBUG|Optimized query model: 
'(from AppUser u in DbSet<AppUser>
where u.NormalizedUserName == __normalizedUserName_0
select u)
.FirstOrDefault()' 
2017-08-16 01:50:52.7718|5|Microsoft.EntityFrameworkCore.Query.Internal.SqlServerQueryCompilationContextFactory|DEBUG|TRACKED: True
(QueryContext queryContext) => IAsyncEnumerable<AppUser> _ToSequence(
    task: Task<AppUser> _FirstOrDefault(
        source: IAsyncEnumerable<AppUser> _ShapedQuery(
            queryContext: queryContext, 
            shaperCommandContext: SelectExpression: 
                SELECT TOP(1) [u].[Id], [u].[AccessFailedCount], [u].[ConcurrencyStamp], [u].[Discriminator], [u].[Email], [u].[EmailConfirmed], [u].[LockoutEnabled], [u].[LockoutEnd], [u].[NormalizedEmail], [u].[NormalizedUserName], [u].[PasswordHash], [u].[PhoneNumber], [u].[PhoneNumberConfirmed], [u].[SecurityStamp], [u].[TwoFactorEnabled], [u].[UserName], [u].[FirstName], [u].[LastName]
                FROM [AspNetUsers] AS [u]
                WHERE ([u].[Discriminator] = N'AppUser') AND ([u].[NormalizedUserName] = @__normalizedUserName_0)
            , 
            shaper: BufferedEntityShaper<AppUser>
        )
        , 
        cancellationToken: queryContext.CancellationToken
    )
)
 
2017-08-16 01:50:52.8626|3|Microsoft.EntityFrameworkCore.Storage.Internal.SqlServerConnection|DEBUG|Opening connection to database 'PacktDatabase' on server '(localdb)\MSSQLLocalDB'. 
2017-08-16 01:50:53.3641|1|Microsoft.EntityFrameworkCore.Storage.IRelationalCommandBuilderFactory|INFO|Executed DbCommand (250ms) [Parameters=[@__normalizedUserName_0='?' (Size = 256)], CommandType='Text', CommandTimeout='30']
SELECT TOP(1) [u].[Id], [u].[AccessFailedCount], [u].[ConcurrencyStamp], [u].[Discriminator], [u].[Email], [u].[EmailConfirmed], [u].[LockoutEnabled], [u].[LockoutEnd], [u].[NormalizedEmail], [u].[NormalizedUserName], [u].[PasswordHash], [u].[PhoneNumber], [u].[PhoneNumberConfirmed], [u].[SecurityStamp], [u].[TwoFactorEnabled], [u].[UserName], [u].[FirstName], [u].[LastName]
FROM [AspNetUsers] AS [u]
WHERE ([u].[Discriminator] = N'AppUser') AND ([u].[NormalizedUserName] = @__normalizedUserName_0) 
2017-08-16 01:50:53.3992|4|Microsoft.EntityFrameworkCore.Storage.Internal.SqlServerConnection|DEBUG|Closing connection to database 'PacktDatabase' on server '(localdb)\MSSQLLocalDB'. 
2017-08-16 01:50:53.5602|3|Microsoft.EntityFrameworkCore.Storage.Internal.SqlServerConnection|DEBUG|Opening connection to database 'PacktDatabase' on server '(localdb)\MSSQLLocalDB'. 
2017-08-16 01:50:53.5772|5|Microsoft.EntityFrameworkCore.Storage.Internal.SqlServerConnection|DEBUG|Beginning transaction with isolation level 'Unspecified'. 
2017-08-16 01:50:53.6805|1|Microsoft.EntityFrameworkCore.Storage.IRelationalCommandBuilderFactory|INFO|Executed DbCommand (4ms) [Parameters=[@p0='?' (Size = 450), @p1='?', @p2='?' (Size = 4000), @p3='?' (Size = 4000), @p4='?' (Size = 256), @p5='?', @p6='?', @p7='?', @p8='?' (Size = 256), @p9='?' (Size = 256), @p10='?' (Size = 4000), @p11='?' (Size = 4000), @p12='?', @p13='?' (Size = 4000), @p14='?', @p15='?' (Size = 256), @p16='?' (Size = 4000), @p17='?' (Size = 4000)], CommandType='Text', CommandTimeout='30']
SET NOCOUNT ON;
INSERT INTO [AspNetUsers] ([Id], [AccessFailedCount], [ConcurrencyStamp], [Discriminator], [Email], [EmailConfirmed], [LockoutEnabled], [LockoutEnd], [NormalizedEmail], [NormalizedUserName], [PasswordHash], [PhoneNumber], [PhoneNumberConfirmed], [SecurityStamp], [TwoFactorEnabled], [UserName], [FirstName], [LastName])
VALUES (@p0, @p1, @p2, @p3, @p4, @p5, @p6, @p7, @p8, @p9, @p10, @p11, @p12, @p13, @p14, @p15, @p16, @p17); 
2017-08-16 01:50:53.6805|6|Microsoft.EntityFrameworkCore.Storage.Internal.SqlServerConnection|DEBUG|Committing transaction. 
2017-08-16 01:50:53.7016|4|Microsoft.EntityFrameworkCore.Storage.Internal.SqlServerConnection|DEBUG|Closing connection to database 'PacktDatabase' on server '(localdb)\MSSQLLocalDB'. 
2017-08-16 01:50:53.7382|3|Microsoft.EntityFrameworkCore.Storage.Internal.SqlServerConnection|DEBUG|Opening connection to database 'PacktDatabase' on server '(localdb)\MSSQLLocalDB'. 
2017-08-16 01:50:53.7412|5|Microsoft.EntityFrameworkCore.Storage.Internal.SqlServerConnection|DEBUG|Beginning transaction with isolation level 'Unspecified'. 
2017-08-16 01:50:53.7753|1|Microsoft.EntityFrameworkCore.Storage.IRelationalCommandBuilderFactory|INFO|Executed DbCommand (16ms) [Parameters=[@p0='?' (Size = 450), @p1='?' (Size = 4000)], CommandType='Text', CommandTimeout='30']
SET NOCOUNT ON;
INSERT INTO [JobSeekers] ([IdentityId], [Location])
VALUES (@p0, @p1);
SELECT [Id]
FROM [JobSeekers]
WHERE @@ROWCOUNT = 1 AND [Id] = scope_identity(); 
2017-08-16 01:50:53.8054|6|Microsoft.EntityFrameworkCore.Storage.Internal.SqlServerConnection|DEBUG|Committing transaction. 
2017-08-16 01:50:53.8054|4|Microsoft.EntityFrameworkCore.Storage.Internal.SqlServerConnection|DEBUG|Closing connection to database 'PacktDatabase' on server '(localdb)\MSSQLLocalDB'. 
2017-08-16 01:50:53.8054|2|Microsoft.AspNetCore.Mvc.Internal.ControllerActionInvoker|DEBUG|Executed action method StarterWebAPI.Controllers.AccountsController.Post (StarterWebAPI), returned result Microsoft.AspNetCore.Mvc.OkObjectResult. 
2017-08-16 01:50:53.8393|4|Microsoft.AspNetCore.Mvc.Internal.ObjectResultExecutor|DEBUG|No information found on request to perform content negotiation. 
2017-08-16 01:50:53.8393|2|Microsoft.AspNetCore.Mvc.Internal.ObjectResultExecutor|DEBUG|Selected output formatter 'Microsoft.AspNetCore.Mvc.Formatters.StringOutputFormatter' and content type 'text/plain; charset=utf-8' to write the response. 
2017-08-16 01:50:53.8544|1|Microsoft.AspNetCore.Mvc.Internal.ObjectResultExecutor|INFO|Executing ObjectResult, writing value Microsoft.AspNetCore.Mvc.ControllerContext. 
2017-08-16 01:50:53.8754|2|Microsoft.AspNetCore.Mvc.Internal.ControllerActionInvoker|INFO|Executed action StarterWebAPI.Controllers.AccountsController.Post (StarterWebAPI) in 2508.125ms 
2017-08-16 01:50:53.8754|9|Microsoft.AspNetCore.Server.Kestrel|DEBUG|Connection id "0HL7471789DJ9" completed keep alive response. 
2017-08-16 01:50:53.8895|2|Microsoft.AspNetCore.Hosting.Internal.WebHost|INFO|Request finished in 2554.9512ms 200 text/plain; charset=utf-8 
2017-08-16 01:51:11.6067|1|Microsoft.AspNetCore.Hosting.Internal.WebHost|INFO|Request starting HTTP/1.1 POST http://localhost:5000/api/Auth/login application/json 46 
2017-08-16 01:51:11.6067|1|Microsoft.AspNetCore.StaticFiles.StaticFileMiddleware|DEBUG|POST requests are not supported 
2017-08-16 01:51:11.6268|1|Microsoft.AspNetCore.StaticFiles.StaticFileMiddleware|DEBUG|POST requests are not supported 
2017-08-16 01:51:11.6383|1|Microsoft.AspNetCore.Routing.Tree.TreeRouter|DEBUG|Request successfully matched the route with name '(null)' and template 'api/Auth/login'. 
2017-08-16 01:51:11.6521|1|Microsoft.AspNetCore.Mvc.Internal.ControllerActionInvoker|DEBUG|Executing action StarterWebAPI.Controllers.AuthController.Post (StarterWebAPI) 
2017-08-16 01:51:11.6521|2|Microsoft.AspNetCore.Mvc.Internal.ControllerActionInvoker|INFO|Executed action StarterWebAPI.Controllers.AuthController.Post (StarterWebAPI) in 0.7318ms 
2017-08-16 01:51:11.6950|0|Microsoft.AspNetCore.Diagnostics.ExceptionHandlerMiddleware|ERROR|An unhandled exception has occurred: Unable to resolve service for type 'StarterWebAPI.Identity.IJwtFactory' while attempting to activate 'StarterWebAPI.Controllers.AuthController'. Unable to resolve service for type 'StarterWebAPI.Identity.IJwtFactory' while attempting to activate 'StarterWebAPI.Controllers.AuthController'.
2017-08-16 01:51:11.7276|500|Global Exception Logger|ERROR|Unable to resolve service for type 'StarterWebAPI.Identity.IJwtFactory' while attempting to activate 'StarterWebAPI.Controllers.AuthController'. Unable to resolve service for type 'StarterWebAPI.Identity.IJwtFactory' while attempting to activate 'StarterWebAPI.Controllers.AuthController'.
2017-08-16 01:51:11.7482|9|Microsoft.AspNetCore.Server.Kestrel|DEBUG|Connection id "0HL7471789DJ9" completed keep alive response. 
2017-08-16 01:51:11.7482|2|Microsoft.AspNetCore.Hosting.Internal.WebHost|INFO|Request finished in 154.3886ms 500 text/plain 
2017-08-16 01:51:58.4247|10|Microsoft.AspNetCore.Server.Kestrel|DEBUG|Connection id "0HL7471789DJA" disconnecting. 
2017-08-16 01:51:58.4292|7|Microsoft.AspNetCore.Server.Kestrel|DEBUG|Connection id "0HL7471789DJA" sending FIN. 
2017-08-16 01:51:58.4292|10|Microsoft.AspNetCore.Server.Kestrel|DEBUG|Connection id "0HL7471789DJC" disconnecting. 
2017-08-16 01:51:58.4292|7|Microsoft.AspNetCore.Server.Kestrel|DEBUG|Connection id "0HL7471789DJC" sending FIN. 
2017-08-16 01:51:58.4637|8|Microsoft.AspNetCore.Server.Kestrel|DEBUG|Connection id "0HL7471789DJC" sent FIN with status "0". 
2017-08-16 01:51:58.4637|8|Microsoft.AspNetCore.Server.Kestrel|DEBUG|Connection id "0HL7471789DJA" sent FIN with status "0". 
2017-08-16 01:51:58.4985|2|Microsoft.AspNetCore.Server.Kestrel|DEBUG|Connection id "0HL7471789DJC" stopped. 
2017-08-16 01:51:58.4985|2|Microsoft.AspNetCore.Server.Kestrel|DEBUG|Connection id "0HL7471789DJA" stopped. 
2017-08-16 01:51:59.3463|10|Microsoft.AspNetCore.Server.Kestrel|DEBUG|Connection id "0HL7471789DJB" disconnecting. 
2017-08-16 01:51:59.3533|7|Microsoft.AspNetCore.Server.Kestrel|DEBUG|Connection id "0HL7471789DJB" sending FIN. 
2017-08-16 01:51:59.3533|8|Microsoft.AspNetCore.Server.Kestrel|DEBUG|Connection id "0HL7471789DJB" sent FIN with status "0". 
2017-08-16 01:51:59.3533|2|Microsoft.AspNetCore.Server.Kestrel|DEBUG|Connection id "0HL7471789DJB" stopped. 
2017-08-16 01:51:59.4538|10|Microsoft.AspNetCore.Server.Kestrel|DEBUG|Connection id "0HL7471789DJD" disconnecting. 
2017-08-16 01:51:59.4538|10|Microsoft.AspNetCore.Server.Kestrel|DEBUG|Connection id "0HL7471789DJ8" disconnecting. 
2017-08-16 01:51:59.4790|7|Microsoft.AspNetCore.Server.Kestrel|DEBUG|Connection id "0HL7471789DJD" sending FIN. 
2017-08-16 01:51:59.4790|7|Microsoft.AspNetCore.Server.Kestrel|DEBUG|Connection id "0HL7471789DJ8" sending FIN. 
2017-08-16 01:51:59.4790|8|Microsoft.AspNetCore.Server.Kestrel|DEBUG|Connection id "0HL7471789DJD" sent FIN with status "0". 
2017-08-16 01:51:59.4790|8|Microsoft.AspNetCore.Server.Kestrel|DEBUG|Connection id "0HL7471789DJ8" sent FIN with status "0". 
2017-08-16 01:51:59.4790|2|Microsoft.AspNetCore.Server.Kestrel|DEBUG|Connection id "0HL7471789DJD" stopped. 
2017-08-16 01:51:59.4940|2|Microsoft.AspNetCore.Server.Kestrel|DEBUG|Connection id "0HL7471789DJ8" stopped. 
2017-08-16 01:52:44.1354|1|Microsoft.AspNetCore.Hosting.Internal.WebHost|INFO|Request starting HTTP/1.1 POST http://localhost:5000/api/Auth/login application/json 46 
2017-08-16 01:52:44.1354|1|Microsoft.AspNetCore.StaticFiles.StaticFileMiddleware|DEBUG|POST requests are not supported 
2017-08-16 01:52:44.1354|1|Microsoft.AspNetCore.StaticFiles.StaticFileMiddleware|DEBUG|POST requests are not supported 
2017-08-16 01:52:44.1354|1|Microsoft.AspNetCore.Routing.Tree.TreeRouter|DEBUG|Request successfully matched the route with name '(null)' and template 'api/Auth/login'. 
2017-08-16 01:52:44.1495|1|Microsoft.AspNetCore.Mvc.Internal.ControllerActionInvoker|DEBUG|Executing action StarterWebAPI.Controllers.AuthController.Post (StarterWebAPI) 
2017-08-16 01:52:44.1495|2|Microsoft.AspNetCore.Mvc.Internal.ControllerActionInvoker|INFO|Executed action StarterWebAPI.Controllers.AuthController.Post (StarterWebAPI) in 0.7122ms 
2017-08-16 01:52:44.2042|0|Microsoft.AspNetCore.Diagnostics.ExceptionHandlerMiddleware|ERROR|An unhandled exception has occurred: Unable to resolve service for type 'StarterWebAPI.Identity.IJwtFactory' while attempting to activate 'StarterWebAPI.Controllers.AuthController'. Unable to resolve service for type 'StarterWebAPI.Identity.IJwtFactory' while attempting to activate 'StarterWebAPI.Controllers.AuthController'.
2017-08-16 01:52:44.2495|500|Global Exception Logger|ERROR|Unable to resolve service for type 'StarterWebAPI.Identity.IJwtFactory' while attempting to activate 'StarterWebAPI.Controllers.AuthController'. Unable to resolve service for type 'StarterWebAPI.Identity.IJwtFactory' while attempting to activate 'StarterWebAPI.Controllers.AuthController'.
2017-08-16 01:52:44.2715|9|Microsoft.AspNetCore.Server.Kestrel|DEBUG|Connection id "0HL7471789DJ9" completed keep alive response. 
2017-08-16 01:52:44.2785|2|Microsoft.AspNetCore.Hosting.Internal.WebHost|INFO|Request finished in 148.1844ms 500 text/plain 
2017-08-16 01:54:44.5128|10|Microsoft.AspNetCore.Server.Kestrel|DEBUG|Connection id "0HL7471789DJ9" disconnecting. 
2017-08-16 01:54:44.5128|7|Microsoft.AspNetCore.Server.Kestrel|DEBUG|Connection id "0HL7471789DJ9" sending FIN. 
2017-08-16 01:54:44.5228|8|Microsoft.AspNetCore.Server.Kestrel|DEBUG|Connection id "0HL7471789DJ9" sent FIN with status "0". 
2017-08-16 01:54:44.5228|2|Microsoft.AspNetCore.Server.Kestrel|DEBUG|Connection id "0HL7471789DJ9" stopped. 
2017-08-16 01:54:46.8247|1|Microsoft.AspNetCore.Server.Kestrel|DEBUG|Connection id "0HL7471789DJE" started. 
2017-08-16 01:54:46.8368|1|Microsoft.AspNetCore.Hosting.Internal.WebHost|INFO|Request starting HTTP/1.1 POST http://localhost:5000/api/Auth/login application/json 46 
2017-08-16 01:54:46.8368|1|Microsoft.AspNetCore.StaticFiles.StaticFileMiddleware|DEBUG|POST requests are not supported 
2017-08-16 01:54:46.8368|1|Microsoft.AspNetCore.StaticFiles.StaticFileMiddleware|DEBUG|POST requests are not supported 
2017-08-16 01:54:46.8368|1|Microsoft.AspNetCore.Routing.Tree.TreeRouter|DEBUG|Request successfully matched the route with name '(null)' and template 'api/Auth/login'. 
2017-08-16 01:54:46.8508|1|Microsoft.AspNetCore.Mvc.Internal.ControllerActionInvoker|DEBUG|Executing action StarterWebAPI.Controllers.AuthController.Post (StarterWebAPI) 
2017-08-16 01:54:46.8508|2|Microsoft.AspNetCore.Mvc.Internal.ControllerActionInvoker|INFO|Executed action StarterWebAPI.Controllers.AuthController.Post (StarterWebAPI) in 3.7867ms 
2017-08-16 01:54:46.9160|0|Microsoft.AspNetCore.Diagnostics.ExceptionHandlerMiddleware|ERROR|An unhandled exception has occurred: Unable to resolve service for type 'StarterWebAPI.Identity.IJwtFactory' while attempting to activate 'StarterWebAPI.Controllers.AuthController'. Unable to resolve service for type 'StarterWebAPI.Identity.IJwtFactory' while attempting to activate 'StarterWebAPI.Controllers.AuthController'.
2017-08-16 01:54:46.9547|500|Global Exception Logger|ERROR|Unable to resolve service for type 'StarterWebAPI.Identity.IJwtFactory' while attempting to activate 'StarterWebAPI.Controllers.AuthController'. Unable to resolve service for type 'StarterWebAPI.Identity.IJwtFactory' while attempting to activate 'StarterWebAPI.Controllers.AuthController'.
2017-08-16 01:54:46.9698|9|Microsoft.AspNetCore.Server.Kestrel|DEBUG|Connection id "0HL7471789DJE" completed keep alive response. 
2017-08-16 01:54:46.9768|2|Microsoft.AspNetCore.Hosting.Internal.WebHost|INFO|Request finished in 141.6907ms 500 text/plain 
2017-08-16 02:00:58.4656|3|Microsoft.AspNetCore.Hosting.Internal.WebHost|DEBUG|Hosting starting 
2017-08-16 02:00:58.6974|4|Microsoft.AspNetCore.Hosting.Internal.WebHost|DEBUG|Hosting started 
2017-08-16 02:01:16.0077|1|Microsoft.AspNetCore.Server.Kestrel|DEBUG|Connection id "0HL7477L3IBEU" started. 
2017-08-16 02:01:16.1655|1|Microsoft.AspNetCore.Hosting.Internal.WebHost|INFO|Request starting HTTP/1.1 POST http://localhost:5000/api/Auth/login application/json 46 
2017-08-16 02:01:16.3008|1|Microsoft.AspNetCore.StaticFiles.StaticFileMiddleware|DEBUG|POST requests are not supported 
2017-08-16 02:01:16.3148|1|Microsoft.AspNetCore.StaticFiles.StaticFileMiddleware|DEBUG|POST requests are not supported 
2017-08-16 02:01:16.5299|1|Microsoft.AspNetCore.Routing.Tree.TreeRouter|DEBUG|Request successfully matched the route with name '(null)' and template 'api/Auth/login'. 
2017-08-16 02:01:16.6503|1|Microsoft.AspNetCore.Mvc.Internal.ControllerActionInvoker|DEBUG|Executing action StarterWebAPI.Controllers.AuthController.Post (StarterWebAPI) 
2017-08-16 02:01:16.8205|0|Microsoft.Extensions.DependencyInjection.DataProtectionServices|INFO|User profile is available. Using 'C:\Users\dave\AppData\Local\ASP.NET\DataProtection-Keys' as key repository and Windows DPAPI to encrypt keys at rest. 
2017-08-16 02:01:16.9293|1|Microsoft.AspNetCore.Mvc.ModelBinding.Binders.BodyModelBinder|DEBUG|Selected input formatter 'Microsoft.AspNetCore.Mvc.Formatters.JsonInputFormatter' for content type 'application/json'. 
2017-08-16 02:01:17.0516|1|Microsoft.AspNetCore.Mvc.Internal.ControllerActionInvoker|INFO|Executing action method StarterWebAPI.Controllers.AuthController.Post (StarterWebAPI) with arguments (StarterWebAPI.Dtos.CredentialsDto) - ModelState is Valid 
2017-08-16 02:01:21.2492|2|Microsoft.EntityFrameworkCore.Query.Internal.SqlServerQueryCompilationContextFactory|DEBUG|Compiling query model: 
'(from AppUser u in DbSet<AppUser>
where u.NormalizedUserName == __normalizedUserName_0
select u)
.FirstOrDefault()' 
2017-08-16 02:01:21.2863|3|Microsoft.EntityFrameworkCore.Query.Internal.SqlServerQueryCompilationContextFactory|DEBUG|Optimized query model: 
'(from AppUser u in DbSet<AppUser>
where u.NormalizedUserName == __normalizedUserName_0
select u)
.FirstOrDefault()' 
2017-08-16 02:01:21.6087|5|Microsoft.EntityFrameworkCore.Query.Internal.SqlServerQueryCompilationContextFactory|DEBUG|TRACKED: True
(QueryContext queryContext) => IAsyncEnumerable<AppUser> _ToSequence(
    task: Task<AppUser> _FirstOrDefault(
        source: IAsyncEnumerable<AppUser> _ShapedQuery(
            queryContext: queryContext, 
            shaperCommandContext: SelectExpression: 
                SELECT TOP(1) [u].[Id], [u].[AccessFailedCount], [u].[ConcurrencyStamp], [u].[Discriminator], [u].[Email], [u].[EmailConfirmed], [u].[LockoutEnabled], [u].[LockoutEnd], [u].[NormalizedEmail], [u].[NormalizedUserName], [u].[PasswordHash], [u].[PhoneNumber], [u].[PhoneNumberConfirmed], [u].[SecurityStamp], [u].[TwoFactorEnabled], [u].[UserName], [u].[FirstName], [u].[LastName]
                FROM [AspNetUsers] AS [u]
                WHERE ([u].[Discriminator] = N'AppUser') AND ([u].[NormalizedUserName] = @__normalizedUserName_0)
            , 
            shaper: BufferedEntityShaper<AppUser>
        )
        , 
        cancellationToken: queryContext.CancellationToken
    )
)
 
2017-08-16 02:01:21.6869|3|Microsoft.EntityFrameworkCore.Storage.Internal.SqlServerConnection|DEBUG|Opening connection to database 'PacktDatabase' on server '(localdb)\MSSQLLocalDB'. 
2017-08-16 02:01:22.0083|1|Microsoft.EntityFrameworkCore.Storage.IRelationalCommandBuilderFactory|INFO|Executed DbCommand (97ms) [Parameters=[@__normalizedUserName_0='?' (Size = 256)], CommandType='Text', CommandTimeout='30']
SELECT TOP(1) [u].[Id], [u].[AccessFailedCount], [u].[ConcurrencyStamp], [u].[Discriminator], [u].[Email], [u].[EmailConfirmed], [u].[LockoutEnabled], [u].[LockoutEnd], [u].[NormalizedEmail], [u].[NormalizedUserName], [u].[PasswordHash], [u].[PhoneNumber], [u].[PhoneNumberConfirmed], [u].[SecurityStamp], [u].[TwoFactorEnabled], [u].[UserName], [u].[FirstName], [u].[LastName]
FROM [AspNetUsers] AS [u]
WHERE ([u].[Discriminator] = N'AppUser') AND ([u].[NormalizedUserName] = @__normalizedUserName_0) 
2017-08-16 02:01:22.1076|4|Microsoft.EntityFrameworkCore.Storage.Internal.SqlServerConnection|DEBUG|Closing connection to database 'PacktDatabase' on server '(localdb)\MSSQLLocalDB'. 
2017-08-16 02:01:22.2677|2|Microsoft.AspNetCore.Mvc.Internal.ControllerActionInvoker|DEBUG|Executed action method StarterWebAPI.Controllers.AuthController.Post (StarterWebAPI), returned result Microsoft.AspNetCore.Mvc.OkObjectResult. 
2017-08-16 02:01:22.2987|4|Microsoft.AspNetCore.Mvc.Internal.ObjectResultExecutor|DEBUG|No information found on request to perform content negotiation. 
2017-08-16 02:01:22.3128|2|Microsoft.AspNetCore.Mvc.Internal.ObjectResultExecutor|DEBUG|Selected output formatter 'Microsoft.AspNetCore.Mvc.Formatters.StringOutputFormatter' and content type 'text/plain; charset=utf-8' to write the response. 
2017-08-16 02:01:22.3238|1|Microsoft.AspNetCore.Mvc.Internal.ObjectResultExecutor|INFO|Executing ObjectResult, writing value Microsoft.AspNetCore.Mvc.ControllerContext. 
2017-08-16 02:01:22.4341|2|Microsoft.AspNetCore.Mvc.Internal.ControllerActionInvoker|INFO|Executed action StarterWebAPI.Controllers.AuthController.Post (StarterWebAPI) in 5765.629ms 
2017-08-16 02:01:22.4582|9|Microsoft.AspNetCore.Server.Kestrel|DEBUG|Connection id "0HL7477L3IBEU" completed keep alive response. 
2017-08-16 02:01:22.4732|2|Microsoft.AspNetCore.Hosting.Internal.WebHost|INFO|Request finished in 6340.3729ms 200 text/plain; charset=utf-8 
